05-02-2026 11:45:57	This log contains information about the import schema operation into project 'sqldevops' on computer 'TEST-PC' by user 'TestUser'.
05-02-2026 11:45:58	Import of database schema has started.
05-02-2026 11:46:05	Gathering database credentials
05-02-2026 11:46:05	Gathering database options
05-02-2026 11:46:05	Gathering generic database scoped configuration option
05-02-2026 11:46:05	Gathering users
05-02-2026 11:46:05	Gathering roles
05-02-2026 11:46:05	Gathering application roles
05-02-2026 11:46:05	Gathering role memberships
05-02-2026 11:46:05	Gathering filegroups
05-02-2026 11:46:05	Gathering full-text catalogs
05-02-2026 11:46:05	Gathering assemblies
05-02-2026 11:46:05	Gathering certificates
05-02-2026 11:46:05	Gathering asymmetric keys
05-02-2026 11:46:05	Gathering symmetric keys
05-02-2026 11:46:05	Gathering encrypted symmetric keys
05-02-2026 11:46:05	Gathering schemas
05-02-2026 11:46:05	Gathering XML schema collections
05-02-2026 11:46:05	Gathering user-defined data types
05-02-2026 11:46:05	Gathering user-defined types
05-02-2026 11:46:05	Gathering table types
05-02-2026 11:46:05	Gathering unique keys for table types
05-02-2026 11:46:05	Gathering primary keys for table types
05-02-2026 11:46:05	Gathering indexes for table types
05-02-2026 11:46:05	Gathering check constraints for table types
05-02-2026 11:46:05	Gathering default constraints for table types
05-02-2026 11:46:05	Gathering partition functions
05-02-2026 11:46:05	Gathering partition schemes
05-02-2026 11:46:05	Gathering functions
05-02-2026 11:46:05	Gathering encrypted functions
05-02-2026 11:46:05	Gathering aggregates
05-02-2026 11:46:05	Gathering procedures
05-02-2026 11:46:05	Gathering encrypted procedures
05-02-2026 11:46:05	Gathering tables
05-02-2026 11:46:05	Gathering primary keys
05-02-2026 11:46:05	Gathering unique constraints
05-02-2026 11:46:05	Gathering foreign keys
05-02-2026 11:46:05	Gathering default constraints
05-02-2026 11:46:05	Gathering check constraints
05-02-2026 11:46:05	Gathering views
05-02-2026 11:46:05	Gathering encrypted views
05-02-2026 11:46:05	Gathering indexes
05-02-2026 11:46:05	Gathering statistics
05-02-2026 11:46:05	Gathering full-text index stoplists
05-02-2026 11:46:05	Gathering search property lists
05-02-2026 11:46:05	Gathering search properties
05-02-2026 11:46:05	Gathering full-text indexes
05-02-2026 11:46:05	Gathering column store indexes
05-02-2026 11:46:05	Gathering spatial indexes
05-02-2026 11:46:05	Gathering XML indexes
05-02-2026 11:46:05	Gathering Selective XML indexes
05-02-2026 11:46:05	Gathering encrypted triggers
05-02-2026 11:46:05	Gathering triggers
05-02-2026 11:46:05	Gathering encrypted and clr ddl triggers
05-02-2026 11:46:05	Gathering ddl triggers
05-02-2026 11:46:05	Creating edge constraints
05-02-2026 11:46:05	Gathering synonyms
05-02-2026 11:46:05	Gathering defaults
05-02-2026 11:46:05	Gathering data constraint uddt bindings
05-02-2026 11:46:05	Gathering rules
05-02-2026 11:46:05	Gathering data constraint uddt bindings
05-02-2026 11:46:05	Gathering message types
05-02-2026 11:46:05	Gathering queues
05-02-2026 11:46:05	Gathering contracts
05-02-2026 11:46:05	Gathering services
05-02-2026 11:46:05	Gathering event notifications
05-02-2026 11:46:05	Gathering remote service bindings
05-02-2026 11:46:05	Gathering broker priorities
05-02-2026 11:46:05	Gathering signatures
05-02-2026 11:46:05	Gathering compression options
05-02-2026 11:46:05	Gathering sequence types
05-02-2026 11:46:05	Gathering security policies
05-02-2026 11:46:05	Gather column encryption keys
05-02-2026 11:46:05	Gathering column master keys
05-02-2026 11:46:05	Gathering external data sources
05-02-2026 11:46:05	Gathering external file formats
05-02-2026 11:46:05	Gathering external tables
05-02-2026 11:46:05	Gathering extended properties
05-02-2026 11:46:05	Gathering assemblies
05-02-2026 11:46:05	Gathering credentials
05-02-2026 11:46:05	Gathering logins
05-02-2026 11:46:05	Gathering server audits
05-02-2026 11:46:06	Scanning project for duplicate elements
05-02-2026 11:46:06	Finished duplicate element processing
05-02-2026 11:46:07	Finished importing database.
05-02-2026 11:46:07	A summary of the import was saved to the following location: C:\Users\TestUser\source\repos\sqldevops\Import Schema Logs\sqldevops_20260205061557.log
05-02-2026 11:46:07	Click Finish to continue...
